This is XeTeX, Version 3.14159265-2.6-0.99998 (TeX Live 2017/Arch Linux) (preloaded format=xelatex 2018.1.22)  22 JAN 2018 18:23
entering extended mode
 restricted \write18 enabled.
 %&-line parsing enabled.
**pres.tex
(./pres.tex
LaTeX2e <2017-04-15>
Babel <3.15> and hyphenation patterns for 84 language(s) loaded.
! Undefined control sequence.
l.4 \setbeamercolor
                   {block title}{bg=white, fg=black}
The control sequence at the end of the top line
of your error message was never \def'ed. If you have
misspelled it (e.g., `\hobx'), type `I' and the correct
spelling (e.g., `I\hbox'). Otherwise just continue,
and I'll forget about whatever was undefined.


! LaTeX Error: Missing \begin{document}.

See the LaTeX manual or LaTeX Companion for explanation.
Type  H <return>  for immediate help.
 ...                                              
                                                  
l.4 \setbeamercolor{b
                     lock title}{bg=white, fg=black}
You're in trouble here.  Try typing  <return>  to proceed.
If that doesn't work, type  X <return>  to quit.

Missing character: There is no b in font nullfont!
Missing character: There is no l in font nullfont!
Missing character: There is no o in font nullfont!
Missing character: There is no c in font nullfont!
Missing character: There is no k in font nullfont!
Missing character: There is no t in font nullfont!
Missing character: There is no i in font nullfont!
Missing character: There is no t in font nullfont!
Missing character: There is no l in font nullfont!
Missing character: There is no e in font nullfont!
Missing character: There is no b in font nullfont!
Missing character: There is no g in font nullfont!
Missing character: There is no = in font nullfont!
Missing character: There is no w in font nullfont!
Missing character: There is no h in font nullfont!
Missing character: There is no i in font nullfont!
Missing character: There is no t in font nullfont!
Missing character: There is no e in font nullfont!
Missing character: There is no , in font nullfont!
Missing character: There is no f in font nullfont!
Missing character: There is no g in font nullfont!
Missing character: There is no = in font nullfont!
Missing character: There is no b in font nullfont!
Missing character: There is no l in font nullfont!
Missing character: There is no a in font nullfont!
Missing character: There is no c in font nullfont!
Missing character: There is no k in font nullfont!
! Undefined control sequence.
l.5 \setbeamercolor
                   {body}{bg=blue!20}
The control sequence at the end of the top line
of your error message was never \def'ed. If you have
misspelled it (e.g., `\hobx'), type `I' and the correct
spelling (e.g., `I\hbox'). Otherwise just continue,
and I'll forget about whatever was undefined.

Missing character: There is no b in font nullfont!
Missing character: There is no o in font nullfont!
Missing character: There is no d in font nullfont!
Missing character: There is no y in font nullfont!
Missing character: There is no b in font nullfont!
Missing character: There is no g in font nullfont!
Missing character: There is no = in font nullfont!
Missing character: There is no b in font nullfont!
Missing character: There is no l in font nullfont!
Missing character: There is no u in font nullfont!
Missing character: There is no e in font nullfont!
Missing character: There is no ! in font nullfont!
Missing character: There is no 2 in font nullfont!
Missing character: There is no 0 in font nullfont!

Overfull \hbox (20.0pt too wide) in paragraph at lines 4--6
[]
 []


! LaTeX Error: Missing \begin{document}.

See the LaTeX manual or LaTeX Companion for explanation.
Type  H <return>  for immediate help.
 ...                                              
                                                  
l.12 ^^I\frametitle
                   {–ü—Ä–µ–¥—ã–¥—É—â–∞—è –∞—Ç—Ç–µ—Å—Ç–∞—Ü–∏—è}
You're in trouble here.  Try typing  <return>  to proceed.
If that doesn't work, type  X <return>  to quit.

! Undefined control sequence.
<argument> \frametitle 
                       
l.12 ^^I\frametitle
                   {–ü—Ä–µ–¥—ã–¥—É—â–∞—è –∞—Ç—Ç–µ—Å—Ç–∞—Ü–∏—è}
The control sequence at the end of the top line
of your error message was never \def'ed. If you have
misspelled it (e.g., `\hobx'), type `I' and the correct
spelling (e.g., `I\hbox'). Otherwise just continue,
and I'll forget about whatever was undefined.

Missing character: There is no –ü in font nullfont!
Missing character: There is no —Ä in font nullfont!
Missing character: There is no –µ in font nullfont!
Missing character: There is no –¥ in font nullfont!
Missing character: There is no —ã in font nullfont!
Missing character: There is no –¥ in font nullfont!
Missing character: There is no —É in font nullfont!
Missing character: There is no —â in font nullfont!
Missing character: There is no –∞ in font nullfont!
Missing character: There is no —è in font nullfont!
Missing character: There is no –∞ in font nullfont!
Missing character: There is no —Ç in font nullfont!
Missing character: There is no —Ç in font nullfont!
Missing character: There is no –µ in font nullfont!
Missing character: There is no —Å in font nullfont!
Missing character: There is no —Ç in font nullfont!
Missing character: There is no –∞ in font nullfont!
Missing character: There is no —Ü in font nullfont!
Missing character: There is no –∏ in font nullfont!
Missing character: There is no —è in font nullfont!

Overfull \hbox (20.0pt too wide) in paragraph at lines 12--13
[][] 
 []

Missing character: There is no –í in font nullfont!
Missing character: There is no –≤ in font nullfont!
Missing character: There is no –µ in font nullfont!
Missing character: There is no –¥ in font nullfont!
Missing character: There is no –µ in font nullfont!
Missing character: There is no –Ω in font nullfont!
Missing character: There is no –∏ in font nullfont!
Missing character: There is no –µ in font nullfont!
Missing character: There is no –≤ in font nullfont!
Missing character: There is no –ø in font nullfont!
Missing character: There is no —Ä in font nullfont!
Missing character: There is no –æ in font nullfont!
Missing character: There is no –± in font nullfont!
Missing character: There is no –ª in font nullfont!
Missing character: There is no –µ in font nullfont!
Missing character: There is no –º in font nullfont!
Missing character: There is no —É in font nullfont!
Missing character: There is no –û in font nullfont!
Missing character: There is no –± in font nullfont!
Missing character: There is no –æ in font nullfont!
Missing character: There is no —Å in font nullfont!
Missing character: There is no –Ω in font nullfont!
Missing character: There is no –æ in font nullfont!
Missing character: There is no –≤ in font nullfont!
Missing character: There is no –∞ in font nullfont!
Missing character: There is no –Ω in font nullfont!
Missing character: There is no –∏ in font nullfont!
Missing character: There is no –µ in font nullfont!
Missing character: There is no –∞ in font nullfont!
Missing character: There is no –∫ in font nullfont!
Missing character: There is no —Ç in font nullfont!
Missing character: There is no —É in font nullfont!
Missing character: There is no –∞ in font nullfont!
Missing character: There is no –ª in font nullfont!
Missing character: There is no —å in font nullfont!
Missing character: There is no –Ω in font nullfont!
Missing character: There is no –æ in font nullfont!
Missing character: There is no —Å in font nullfont!
Missing character: There is no —Ç in font nullfont!
Missing character: There is no –∏ in font nullfont!
Missing character: There is no –ê in font nullfont!
Missing character: There is no –Ω in font nullfont!
Missing character: There is no –∞ in font nullfont!
Missing character: There is no –ª in font nullfont!
Missing character: There is no –æ in font nullfont!
Missing character: There is no –≥ in font nullfont!
Missing character: There is no –∏ in font nullfont!
! Undefined control sequence.
<argument> \frametitle 
                       
l.25 ^^I\frametitle
                   {–≠—Ç–∞–ø—ã –∏—Å–ø—Ä–∞–≤–ª–µ–Ω–∏—è –æ—à–∏–±–∫–∏ –≤ –ø—Ä–æ...
The control sequence at the end of the top line
of your error message was never \def'ed. If you have
misspelled it (e.g., `\hobx'), type `I' and the correct
spelling (e.g., `I\hbox'). Otherwise just continue,
and I'll forget about whatever was undefined.

Missing character: There is no –≠ in font nullfont!
Missing character: There is no —Ç in font nullfont!
Missing character: There is no –∞ in font nullfont!
Missing character: There is no –ø in font nullfont!
Missing character: There is no —ã in font nullfont!
Missing character: There is no –∏ in font nullfont!
Missing character: There is no —Å in font nullfont!
Missing character: There is no –ø in font nullfont!
Missing character: There is no —Ä in font nullfont!
Missing character: There is no –∞ in font nullfont!
Missing character: There is no –≤ in font nullfont!
Missing character: There is no –ª in font nullfont!
Missing character: There is no –µ in font nullfont!
Missing character: There is no –Ω in font nullfont!
Missing character: There is no –∏ in font nullfont!
Missing character: There is no —è in font nullfont!
Missing character: There is no –æ in font nullfont!
Missing character: There is no —à in font nullfont!
Missing character: There is no –∏ in font nullfont!
Missing character: There is no –± in font nullfont!
Missing character: There is no –∫ in font nullfont!
Missing character: There is no –∏ in font nullfont!
Missing character: There is no –≤ in font nullfont!
Missing character: There is no –ø in font nullfont!
Missing character: There is no —Ä in font nullfont!
Missing character: There is no –æ in font nullfont!
Missing character: There is no –≥ in font nullfont!
Missing character: There is no —Ä in font nullfont!
Missing character: There is no –∞ in font nullfont!
Missing character: There is no –º in font nullfont!
Missing character: There is no –º in font nullfont!
Missing character: There is no –Ω in font nullfont!
Missing character: There is no –æ in font nullfont!
Missing character: There is no –º in font nullfont!
Missing character: There is no –∫ in font nullfont!
Missing character: There is no –æ in font nullfont!
Missing character: There is no –¥ in font nullfont!
Missing character: There is no –µ in font nullfont!

Overfull \hbox (20.0pt too wide) in paragraph at lines 25--26
[][]
 []

Missing character: There is no –í in font nullfont!
Missing character: There is no –æ in font nullfont!
Missing character: There is no —Å in font nullfont!
Missing character: There is no –ø in font nullfont!
Missing character: There is no —Ä in font nullfont!
Missing character: There is no –æ in font nullfont!
Missing character: There is no –∏ in font nullfont!
Missing character: There is no –∑ in font nullfont!
Missing character: There is no –≤ in font nullfont!
Missing character: There is no –µ in font nullfont!
Missing character: There is no –¥ in font nullfont!
Missing character: There is no –µ in font nullfont!
Missing character: There is no –Ω in font nullfont!
Missing character: There is no –∏ in font nullfont!
Missing character: There is no –µ in font nullfont!
Missing character: There is no –õ in font [lmroman10-bold]:mapping=tex-text;!
Missing character: There is no –æ in font [lmroman10-bold]:mapping=tex-text;!
Missing character: There is no –∫ in font [lmroman10-bold]:mapping=tex-text;!
Missing character: There is no –∞ in font [lmroman10-bold]:mapping=tex-text;!
Missing character: There is no –ª in font [lmroman10-bold]:mapping=tex-text;!
Missing character: There is no –∏ in font [lmroman10-bold]:mapping=tex-text;!
Missing character: There is no –∑ in font [lmroman10-bold]:mapping=tex-text;!
Missing character: There is no –∞ in font [lmroman10-bold]:mapping=tex-text;!
Missing character: There is no —Ü in font [lmroman10-bold]:mapping=tex-text;!
Missing character: There is no –∏ in font [lmroman10-bold]:mapping=tex-text;!
Missing character: There is no —è in font [lmroman10-bold]:mapping=tex-text;!

Overfull \hbox (30.8pt too wide) in paragraph at lines 28--29
\TU/lmr/bx/n/10 –õ–æ–∫–∞–ª–∏–∑–∞—Ü–∏—è 
 []

Missing character: There is no –ò in font nullfont!
Missing character: There is no –∑ in font nullfont!
Missing character: There is no —É in font nullfont!
Missing character: There is no —á in font nullfont!
Missing character: There is no –µ in font nullfont!
Missing character: There is no –Ω in font nullfont!
Missing character: There is no –∏ in font nullfont!
Missing character: There is no –µ in font nullfont!
Missing character: There is no –ò in font nullfont!
Missing character: There is no —Å in font nullfont!
Missing character: There is no –ø in font nullfont!
Missing character: There is no —Ä in font nullfont!
Missing character: There is no –∞ in font nullfont!
Missing character: There is no –≤ in font nullfont!
Missing character: There is no –ª in font nullfont!
Missing character: There is no –µ in font nullfont!
Missing character: There is no –Ω in font nullfont!
Missing character: There is no –∏ in font nullfont!
Missing character: There is no –µ in font nullfont!
Missing character: There is no –¢ in font nullfont!
Missing character: There is no –µ in font nullfont!
Missing character: There is no —Å in font nullfont!
Missing character: There is no —Ç in font nullfont!
Missing character: There is no –∏ in font nullfont!
Missing character: There is no —Ä in font nullfont!
Missing character: There is no –æ in font nullfont!
Missing character: There is no –≤ in font nullfont!
Missing character: There is no –∞ in font nullfont!
Missing character: There is no –Ω in font nullfont!
Missing character: There is no –∏ in font nullfont!
Missing character: There is no –µ in font nullfont!
Missing character: There is no [ in font nullfont!
Missing character: There is no f in font nullfont!
Missing character: There is no r in font nullfont!
Missing character: There is no a in font nullfont!
Missing character: There is no g in font nullfont!
Missing character: There is no i in font nullfont!
Missing character: There is no l in font nullfont!
Missing character: There is no e in font nullfont!
Missing character: There is no ] in font nullfont!
! Undefined control sequence.
l.40 ^^I\frametitle
                   {–ü—Ä–∏–º–µ—Ä}
The control sequence at the end of the top line
of your error message was never \def'ed. If you have
misspelled it (e.g., `\hobx'), type `I' and the correct
spelling (e.g., `I\hbox'). Otherwise just continue,
and I'll forget about whatever was undefined.

Missing character: There is no –ü in font nullfont!
Missing character: There is no —Ä in font nullfont!
Missing character: There is no –∏ in font nullfont!
Missing character: There is no –º in font nullfont!
Missing character: There is no –µ in font nullfont!
Missing character: There is no —Ä in font nullfont!
Missing character: There is no –ü in font nullfont!
Missing character: There is no —Ä in font nullfont!
Missing character: There is no –µ in font nullfont!
Missing character: There is no –¥ in font nullfont!
Missing character: There is no –ø in font nullfont!
Missing character: There is no –æ in font nullfont!
Missing character: There is no –ª in font nullfont!
Missing character: There is no –æ in font nullfont!
Missing character: There is no –∂ in font nullfont!
Missing character: There is no –∏ in font nullfont!
Missing character: There is no –º in font nullfont!
Missing character: There is no —á in font nullfont!
Missing character: There is no —Ç in font nullfont!
Missing character: There is no –æ in font nullfont!
Missing character: There is no F in font nullfont!
Missing character: There is no i in font nullfont!
Missing character: There is no r in font nullfont!
Missing character: There is no e in font nullfont!
Missing character: There is no f in font nullfont!
Missing character: There is no o in font nullfont!
Missing character: There is no x in font nullfont!
Missing character: There is no –ª in font nullfont!
Missing character: There is no –æ in font nullfont!
Missing character: There is no –º in font nullfont!
Missing character: There is no –∞ in font nullfont!
Missing character: There is no –µ in font nullfont!
Missing character: There is no —Ç in font nullfont!
Missing character: There is no —Å in font nullfont!
Missing character: There is no —è in font nullfont!
Missing character: There is no –ø in font nullfont!
Missing character: There is no —Ä in font nullfont!
Missing character: There is no –∏ in font nullfont!
Missing character: There is no –ø in font nullfont!
Missing character: There is no –µ in font nullfont!
Missing character: There is no —á in font nullfont!
Missing character: There is no –∞ in font nullfont!
Missing character: There is no —Ç in font nullfont!
Missing character: There is no –∏ in font nullfont!
Missing character: There is no –∑ in font nullfont!
Missing character: There is no –∞ in font nullfont!
Missing character: There is no –≥ in font nullfont!
Missing character: There is no —Ä in font nullfont!
Missing character: There is no —É in font nullfont!
Missing character: There is no –∂ in font nullfont!
Missing character: There is no –µ in font nullfont!
Missing character: There is no –Ω in font nullfont!
Missing character: There is no –Ω in font nullfont!
Missing character: There is no –æ in font nullfont!
Missing character: There is no –π in font nullfont!
Missing character: There is no —Å in font nullfont!
Missing character: There is no —Ç in font nullfont!
Missing character: There is no —Ä in font nullfont!
Missing character: There is no –∞ in font nullfont!
Missing character: There is no –Ω in font nullfont!
Missing character: There is no –∏ in font nullfont!
Missing character: There is no —Ü in font nullfont!
Missing character: There is no —ã in font nullfont!
Missing character: There is no –≤ in font nullfont!
Missing character: There is no —Ñ in font nullfont!
Missing character: There is no –∞ in font nullfont!
Missing character: There is no –π in font nullfont!
Missing character: There is no –ª in font nullfont!
Missing character: There is no –∏ in font nullfont!
Missing character: There is no –º in font nullfont!
Missing character: There is no —ã in font nullfont!
Missing character: There is no —Ö in font nullfont!
Missing character: There is no –æ in font nullfont!
Missing character: There is no —Ç in font nullfont!
Missing character: There is no –∏ in font nullfont!
Missing character: There is no –º in font nullfont!
Missing character: There is no —Å in font nullfont!
Missing character: There is no –æ in font nullfont!
Missing character: There is no –∑ in font nullfont!
Missing character: There is no –¥ in font nullfont!
Missing character: There is no –∞ in font nullfont!
Missing character: There is no —Ç in font nullfont!
Missing character: There is no —å in font nullfont!
Missing character: There is no –± in font nullfont!
Missing character: There is no –∞ in font nullfont!
Missing character: There is no –≥ in font nullfont!
Missing character: There is no —Ä in font nullfont!
Missing character: There is no –µ in font nullfont!
Missing character: There is no –ø in font nullfont!
Missing character: There is no –æ in font nullfont!
Missing character: There is no —Ä in font nullfont!
Missing character: There is no —Ç in font nullfont!
Missing character: There is no –∏ in font nullfont!
Missing character: There is no –ª in font nullfont!
Missing character: There is no –∏ in font nullfont!
Missing character: There is no —Ç in font nullfont!
Missing character: There is no –µ in font nullfont!
Missing character: There is no —Å in font nullfont!
Missing character: There is no —Ç in font nullfont!

! LaTeX Error: Environment figure undefined.

See the LaTeX manual or LaTeX Companion for explanation.
Type  H <return>  for immediate help.
 ...                                              
                                                  
l.42 ^^I\begin{figure}
                      
Your command was ignored.
Type  I <command> <return>  to replace it with another command,
or  <return>  to continue without it.

! Undefined control sequence.
l.43 ^^I^^I\includegraphics
                           [width=40mm]{image/fiasko}
The control sequence at the end of the top line
of your error message was never \def'ed. If you have
misspelled it (e.g., `\hobx'), type `I' and the correct
spelling (e.g., `I\hbox'). Otherwise just continue,
and I'll forget about whatever was undefined.

Missing character: There is no [ in font nullfont!
Missing character: There is no w in font nullfont!
Missing character: There is no i in font nullfont!
Missing character: There is no d in font nullfont!
Missing character: There is no t in font nullfont!
Missing character: There is no h in font nullfont!
Missing character: There is no = in font nullfont!
Missing character: There is no 4 in font nullfont!
Missing character: There is no 0 in font nullfont!
Missing character: There is no m in font nullfont!
Missing character: There is no m in font nullfont!
Missing character: There is no ] in font nullfont!
Missing character: There is no i in font nullfont!
Missing character: There is no m in font nullfont!
Missing character: There is no a in font nullfont!
Missing character: There is no g in font nullfont!
Missing character: There is no e in font nullfont!
Missing character: There is no / in font nullfont!
Missing character: There is no f in font nullfont!
Missing character: There is no i in font nullfont!
Missing character: There is no a in font nullfont!
Missing character: There is no s in font nullfont!
Missing character: There is no k in font nullfont!
Missing character: There is no o in font nullfont!

! LaTeX Error: \begin{frame} on input line 39 ended by \end{figure}.

See the LaTeX manual or LaTeX Companion for explanation.
Type  H <return>  for immediate help.
 ...                                              
                                                  
l.44 ^^I\end{figure}
                    
Your command was ignored.
Type  I <command> <return>  to replace it with another command,
or  <return>  to continue without it.


! LaTeX Error: Environment lstlisting undefined.

See the LaTeX manual or LaTeX Companion for explanation.
Type  H <return>  for immediate help.
 ...                                              
                                                  
l.45 ^^I\begin{lstlisting}
                          [basicstyle =\footnotesize]
Your command was ignored.
Type  I <command> <return>  to replace it with another command,
or  <return>  to continue without it.

Missing character: There is no [ in font nullfont!
Missing character: There is no b in font nullfont!
Missing character: There is no a in font nullfont!
Missing character: There is no s in font nullfont!
Missing character: There is no i in font nullfont!
Missing character: There is no c in font nullfont!
Missing character: There is no s in font nullfont!
Missing character: There is no t in font nullfont!
Missing character: There is no y in font nullfont!
Missing character: There is no l in font nullfont!
Missing character: There is no e in font nullfont!
Missing character: There is no = in font nullfont!
! Undefined control sequence.
l.45 ...egin{lstlisting}[basicstyle =\footnotesize
                                                  ]
The control sequence at the end of the top line
of your error message was never \def'ed. If you have
misspelled it (e.g., `\hobx'), type `I' and the correct
spelling (e.g., `I\hbox'). Otherwise just continue,
and I'll forget about whatever was undefined.

Missing character: There is no ] in font nullfont!
Missing character: There is no < in font nullfont!
Missing character: There is no ! in font nullfont!
Missing character: There is no D in font nullfont!
Missing character: There is no O in font nullfont!
Missing character: There is no C in font nullfont!
Missing character: There is no T in font nullfont!
Missing character: There is no Y in font nullfont!
Missing character: There is no P in font nullfont!
Missing character: There is no E in font nullfont!
Missing character: There is no H in font nullfont!
Missing character: There is no T in font nullfont!
Missing character: There is no M in font nullfont!
Missing character: There is no L in font nullfont!
Missing character: There is no P in font nullfont!
Missing character: There is no U in font nullfont!
Missing character: There is no B in font nullfont!
Missing character: There is no L in font nullfont!
Missing character: There is no I in font nullfont!
Missing character: There is no C in font nullfont!
Missing character: There is no " in font nullfont!
Missing character: There is no - in font nullfont!
Missing character: There is no / in font nullfont!
Missing character: There is no / in font nullfont!
Missing character: There is no W in font nullfont!
Missing character: There is no 3 in font nullfont!
Missing character: There is no C in font nullfont!
Missing character: There is no / in font nullfont!
Missing character: There is no / in font nullfont!
Missing character: There is no D in font nullfont!
Missing character: There is no T in font nullfont!
Missing character: There is no D in font nullfont!
Missing character: There is no H in font nullfont!
Missing character: There is no T in font nullfont!
Missing character: There is no M in font nullfont!
Missing character: There is no L in font nullfont!
Missing character: There is no 4 in font nullfont!
Missing character: There is no . in font nullfont!
Missing character: There is no 0 in font nullfont!
Missing character: There is no 1 in font nullfont!
Missing character: There is no / in font nullfont!
Missing character: There is no / in font nullfont!
Missing character: There is no E in font nullfont!
Missing character: There is no N in font nullfont!
Missing character: There is no " in font nullfont!
Missing character: There is no > in font nullfont!
Missing character: There is no < in font nullfont!
Missing character: There is no h in font nullfont!
Missing character: There is no t in font nullfont!
Missing character: There is no m in font nullfont!
Missing character: There is no l in font nullfont!
Missing character: There is no l in font nullfont!
Missing character: There is no a in font nullfont!
Missing character: There is no n in font nullfont!
Missing character: There is no g in font nullfont!
Missing character: There is no = in font nullfont!
Missing character: There is no " in font nullfont!
Missing character: There is no e in font nullfont!
Missing character: There is no n in font nullfont!
Missing character: There is no " in font nullfont!
Missing character: There is no > in font nullfont!
Missing character: There is no < in font nullfont!
Missing character: There is no h in font nullfont!
Missing character: There is no e in font nullfont!
Missing character: There is no a in font nullfont!
Missing character: There is no d in font nullfont!
Missing character: There is no > in font nullfont!
Missing character: There is no < in font nullfont!
Missing character: There is no t in font nullfont!
Missing character: There is no i in font nullfont!
Missing character: There is no t in font nullfont!
Missing character: There is no l in font nullfont!
Missing character: There is no e in font nullfont!
Missing character: There is no > in font nullfont!
Missing character: There is no M in font nullfont!
Missing character: There is no o in font nullfont!
Missing character: There is no z in font nullfont!
Missing character: There is no i in font nullfont!
Missing character: There is no l in font nullfont!
Missing character: There is no l in font nullfont!
Missing character: There is no a in font nullfont!
Missing character: There is no . in font nullfont!
Missing character: There is no o in font nullfont!
Missing character: There is no r in font nullfont!
Missing character: There is no g in font nullfont!
Missing character: There is no < in font nullfont!
Missing character: There is no / in font nullfont!
Missing character: There is no t in font nullfont!
Missing character: There is no i in font nullfont!
Missing character: There is no t in font nullfont!
Missing character: There is no l in font nullfont!
Missing character: There is no e in font nullfont!
Missing character: There is no > in font nullfont!
Missing character: There is no < in font nullfont!
Missing character: There is no m in font nullfont!
Missing character: There is no e in font nullfont!
Missing character: There is no t in font nullfont!
Missing character: There is no a in font nullfont!
Missing character: There is no h in font nullfont!
Missing character: There is no t in font nullfont!
Missing character: There is no t in font nullfont!
Missing character: There is no p in font nullfont!
Missing character: There is no - in font nullfont!
Missing character: There is no e in font nullfont!
Missing character: There is no q in font nullfont!
Missing character: There is no u in font nullfont!
Missing character: There is no i in font nullfont!
Missing character: There is no v in font nullfont!
Missing character: There is no = in font nullfont!
Missing character: There is no " in font nullfont!
Missing character: There is no C in font nullfont!
Missing character: There is no o in font nullfont!
Missing character: There is no n in font nullfont!
Missing character: There is no t in font nullfont!
Missing character: There is no e in font nullfont!
Missing character: There is no n in font nullfont!
Missing character: There is no t in font nullfont!
Missing character: There is no - in font nullfont!
Missing character: There is no T in font nullfont!
Missing character: There is no y in font nullfont!
Missing character: There is no p in font nullfont!
Missing character: There is no e in font nullfont!
Missing character: There is no " in font nullfont!
Missing character: There is no c in font nullfont!
Missing character: There is no o in font nullfont!
Missing character: There is no n in font nullfont!
Missing character: There is no t in font nullfont!
Missing character: There is no e in font nullfont!
Missing character: There is no n in font nullfont!
Missing character: There is no t in font nullfont!
Missing character: There is no = in font nullfont!
Missing character: There is no " in font nullfont!
Missing character: There is no t in font nullfont!
Missing character: There is no e in font nullfont!
Missing character: There is no x in font nullfont!
Missing character: There is no t in font nullfont!
Missing character: There is no / in font nullfont!
Missing character: There is no h in font nullfont!
Missing character: There is no t in font nullfont!
Missing character: There is no m in font nullfont!
Missing character: There is no l in font nullfont!
Missing character: There is no ; in font nullfont!
Missing character: There is no c in font nullfont!
Missing character: There is no h in font nullfont!
Missing character: There is no a in font nullfont!
Missing character: There is no r in font nullfont!
Missing character: There is no s in font nullfont!
Missing character: There is no e in font nullfont!
Missing character: There is no t in font nullfont!
Missing character: There is no = in font nullfont!
Missing character: There is no U in font nullfont!
Missing character: There is no T in font nullfont!
Missing character: There is no F in font nullfont!
Missing character: There is no - in font nullfont!
Missing character: There is no 8 in font nullfont!
Missing character: There is no " in font nullfont!
Missing character: There is no > in font nullfont!
Missing character: There is no . in font nullfont!
Missing character: There is no . in font nullfont!
Missing character: There is no . in font nullfont!
Missing character: There is no a in font nullfont!
Missing character: There is no b in font nullfont!
Missing character: There is no o in font nullfont!
Missing character: There is no u in font nullfont!
Missing character: There is no t in font nullfont!
Missing character: There is no 2 in font nullfont!
Missing character: There is no 0 in font nullfont!
Missing character: There is no 0 in font nullfont!
Missing character: There is no l in font nullfont!
Missing character: There is no i in font nullfont!
Missing character: There is no n in font nullfont!
Missing character: There is no e in font nullfont!
Missing character: There is no s in font nullfont!
Missing character: There is no m in font nullfont!
Missing character: There is no o in font nullfont!
Missing character: There is no r in font nullfont!
Missing character: There is no e in font nullfont!

! LaTeX Error: \begin{frame} on input line 39 ended by \end{lstlisting}.

See the LaTeX manual or LaTeX Companion for explanation.
Type  H <return>  for immediate help.
 ...                                              
                                                  
l.54 ^^I\end{lstlisting}
                        
Your command was ignored.
Type  I <command> <return>  to replace it with another command,
or  <return>  to continue without it.


Overfull \hbox (20.0pt too wide) in paragraph at lines 39--56
[][]
 []

! Undefined control sequence.
<argument> \frametitle 
                       
l.62 ^^I\frametitle
                   {–ö–ª–∞—Å—Å–∏—á–µ—Å–∫–∏–π –¥–µ–ª—å—Ç–∞ –¥–µ–±–∞–≥–≥–∏–Ω–≥}
The control sequence at the end of the top line
of your error message was never \def'ed. If you have
misspelled it (e.g., `\hobx'), type `I' and the correct
spelling (e.g., `I\hbox'). Otherwise just continue,
and I'll forget about whatever was undefined.

Missing character: There is no –ö in font nullfont!
Missing character: There is no –ª in font nullfont!
Missing character: There is no –∞ in font nullfont!
Missing character: There is no —Å in font nullfont!
Missing character: There is no —Å in font nullfont!
Missing character: There is no –∏ in font nullfont!
Missing character: There is no —á in font nullfont!
Missing character: There is no –µ in font nullfont!
Missing character: There is no —Å in font nullfont!
Missing character: There is no –∫ in font nullfont!
Missing character: There is no –∏ in font nullfont!
Missing character: There is no –π in font nullfont!
Missing character: There is no –¥ in font nullfont!
Missing character: There is no –µ in font nullfont!
Missing character: There is no –ª in font nullfont!
Missing character: There is no —å in font nullfont!
Missing character: There is no —Ç in font nullfont!
Missing character: There is no –∞ in font nullfont!
Missing character: There is no –¥ in font nullfont!
Missing character: There is no –µ in font nullfont!
Missing character: There is no –± in font nullfont!
Missing character: There is no –∞ in font nullfont!
Missing character: There is no –≥ in font nullfont!
Missing character: There is no –≥ in font nullfont!
Missing character: There is no –∏ in font nullfont!
Missing character: There is no –Ω in font nullfont!
Missing character: There is no –≥ in font nullfont!

Overfull \hbox (20.0pt too wide) in paragraph at lines 62--63
[][]
 []

Missing character: There is no –î in font nullfont!
Missing character: There is no –µ in font nullfont!
Missing character: There is no –ª in font nullfont!
Missing character: There is no –∏ in font nullfont!
Missing character: There is no –º in font nullfont!
Missing character: There is no –ø in font nullfont!
Missing character: There is no –æ in font nullfont!
Missing character: There is no –ø in font nullfont!
Missing character: There is no –æ in font nullfont!
Missing character: There is no –ª in font nullfont!
Missing character: There is no –∞ in font nullfont!
Missing character: There is no –º in font nullfont!
Missing character: There is no —Ç in font nullfont!
Missing character: There is no –µ in font nullfont!
Missing character: There is no —Å in font nullfont!
Missing character: There is no —Ç in font nullfont!
Missing character: There is no –æ in font nullfont!
Missing character: There is no –≤ in font nullfont!
Missing character: There is no —É in font nullfont!
Missing character: There is no —é in font nullfont!
Missing character: There is no –≤ in font nullfont!
Missing character: There is no —ã in font nullfont!
Missing character: There is no –± in font nullfont!
Missing character: There is no –æ in font nullfont!
Missing character: There is no —Ä in font nullfont!
Missing character: There is no –∫ in font nullfont!
Missing character: There is no —É in font nullfont!
Missing character: There is no –ü in font nullfont!
Missing character: There is no —Ä in font nullfont!
Missing character: There is no –æ in font nullfont!
Missing character: There is no –≤ in font nullfont!
Missing character: There is no –µ in font nullfont!
Missing character: There is no —Ä in font nullfont!
Missing character: There is no —è in font nullfont!
Missing character: There is no –µ in font nullfont!
Missing character: There is no –º in font nullfont!
Missing character: There is no , in font nullfont!
Missing character: There is no –∫ in font nullfont!
Missing character: There is no –∞ in font nullfont!
Missing character: There is no –∫ in font nullfont!
Missing character: There is no –∞ in font nullfont!
Missing character: There is no —è in font nullfont!
Missing character: There is no –∏ in font nullfont!
Missing character: There is no –∑ in font nullfont!
Missing character: There is no –Ω in font nullfont!
Missing character: There is no –∏ in font nullfont!
Missing character: There is no —Ö in font nullfont!
Missing character: There is no —Å in font nullfont!
Missing character: There is no –æ in font nullfont!
Missing character: There is no –¥ in font nullfont!
Missing character: There is no –µ in font nullfont!
Missing character: There is no —Ä in font nullfont!
Missing character: There is no –∂ in font nullfont!
Missing character: There is no –∏ in font nullfont!
Missing character: There is no —Ç in font nullfont!
Missing character: There is no –æ in font nullfont!
Missing character: There is no —à in font nullfont!
Missing character: There is no –∏ in font nullfont!
Missing character: There is no –± in font nullfont!
Missing character: There is no –∫ in font nullfont!
Missing character: There is no —É in font nullfont!
Missing character: There is no –ü in font nullfont!
Missing character: There is no —Ä in font nullfont!
Missing character: There is no –æ in font nullfont!
Missing character: There is no –¥ in font nullfont!
Missing character: There is no –æ in font nullfont!
Missing character: There is no –ª in font nullfont!
Missing character: There is no –∂ in font nullfont!
Missing character: There is no –∞ in font nullfont!
Missing character: There is no –µ in font nullfont!
Missing character: There is no –º in font nullfont!
Missing character: There is no , in font nullfont!
Missing character: There is no –ø in font nullfont!
Missing character: There is no –æ in font nullfont!
Missing character: There is no –∫ in font nullfont!
Missing character: There is no –∞ in font nullfont!
Missing character: There is no –Ω in font nullfont!
Missing character: There is no –µ in font nullfont!
Missing character: There is no –ø in font nullfont!
Missing character: There is no –æ in font nullfont!
Missing character: There is no –ª in font nullfont!
Missing character: There is no —É in font nullfont!
Missing character: There is no —á in font nullfont!
Missing character: There is no –∏ in font nullfont!
Missing character: There is no –º in font nullfont!
Missing character: There is no –º in font nullfont!
Missing character: There is no –∏ in font nullfont!
Missing character: There is no –Ω in font nullfont!
Missing character: There is no –∏ in font nullfont!
Missing character: There is no –º in font nullfont!
Missing character: There is no –∞ in font nullfont!
Missing character: There is no –ª in font nullfont!
Missing character: There is no —å in font nullfont!
Missing character: There is no –Ω in font nullfont!
Missing character: There is no —É in font nullfont!
Missing character: There is no —é in font nullfont!
Missing character: There is no –≤ in font nullfont!
Missing character: There is no —ã in font nullfont!
Missing character: There is no –± in font nullfont!
Missing character: There is no –æ in font nullfont!
Missing character: There is no —Ä in font nullfont!
Missing character: There is no –∫ in font nullfont!
Missing character: There is no —É in font nullfont!
! Undefined control sequence.
<argument> \frametitle 
                       
l.74 ^^I\frametitle
                   {–ü—Ä–∏–º–µ—Ä}
The control sequence at the end of the top line
of your error message was never \def'ed. If you have
misspelled it (e.g., `\hobx'), type `I' and the correct
spelling (e.g., `I\hbox'). Otherwise just continue,
and I'll forget about whatever was undefined.

Missing character: There is no –ü in font nullfont!
Missing character: There is no —Ä in font nullfont!
Missing character: There is no –∏ in font nullfont!
Missing character: There is no –º in font nullfont!
Missing character: There is no –µ in font nullfont!
Missing character: There is no —Ä in font nullfont!

Overfull \hbox (20.0pt too wide) in paragraph at lines 74--75
[][] 
 []

LaTeX Font Info:    Try loading font information for OMS+lmr on input line 76.
(/usr/share/texmf-dist/tex/latex/lm/omslmr.fd
File: omslmr.fd 2009/10/30 v1.6 Font defs for Latin Modern
)
LaTeX Font Info:    Try loading font information for OMS+lmsy on input line 76.


(/usr/share/texmf-dist/tex/latex/lm/omslmsy.fd
File: omslmsy.fd 2009/10/30 v1.6 Font defs for Latin Modern
)
LaTeX Font Info:    Font shape `OMS/lmr/m/n' in size <10> not available
(Font)              Font shape `OMS/lmsy/m/n' tried instead on input line 76.
Missing character: There is no 1 in font nullfont!
Missing character: There is no , in font nullfont!
Missing character: There is no 2 in font nullfont!
Missing character: There is no , in font nullfont!
Missing character: There is no 3 in font nullfont!
Missing character: There is no , in font nullfont!
Missing character: There is no 4 in font nullfont!
Missing character: There is no , in font nullfont!
Missing character: There is no 5 in font nullfont!
Missing character: There is no , in font nullfont!
Missing character: There is no 6 in font nullfont!
Missing character: There is no , in font nullfont!
Missing character: There is no 6 in font nullfont!
Missing character: There is no , in font nullfont!
Missing character: There is no 8 in font nullfont!

Overfull \hbox (5.00002pt too wide) in paragraph at lines 76--77
\OMS/lmsy/m/n/10 f
 []


Overfull \hbox (5.00002pt too wide) in paragraph at lines 76--77
\OMS/lmsy/m/n/10 g 
 []

Missing character: There is no 1 in font nullfont!
Missing character: There is no , in font nullfont!
Missing character: There is no 2 in font nullfont!
Missing character: There is no , in font nullfont!
Missing character: There is no 3 in font nullfont!
Missing character: There is no , in font nullfont!
Missing character: There is no 4 in font nullfont!

Overfull \hbox (5.00002pt too wide) in paragraph at lines 77--78
\OMS/lmsy/m/n/10 f
 []


Overfull \hbox (5.00002pt too wide) in paragraph at lines 77--78
\OMS/lmsy/m/n/10 g 
 []

Missing character: There is no 5 in font nullfont!
Missing character: There is no , in font nullfont!
Missing character: There is no 6 in font nullfont!
Missing character: There is no , in font nullfont!
Missing character: There is no 6 in font nullfont!
Missing character: There is no , in font nullfont!
Missing character: There is no 8 in font nullfont!

Overfull \hbox (5.00002pt too wide) in paragraph at lines 78--79
\OMS/lmsy/m/n/10 f
 []


Overfull \hbox (5.00002pt too wide) in paragraph at lines 78--79
\OMS/lmsy/m/n/10 g 
 []

Missing character: There is no 5 in font nullfont!
Missing character: There is no , in font nullfont!
Missing character: There is no 6 in font nullfont!

Overfull \hbox (5.00002pt too wide) in paragraph at lines 79--80
\OMS/lmsy/m/n/10 f
 []


Overfull \hbox (5.00002pt too wide) in paragraph at lines 79--80
\OMS/lmsy/m/n/10 g 
 []

Missing character: There is no 6 in font nullfont!
Missing character: There is no , in font nullfont!
Missing character: There is no 8 in font nullfont!

Overfull \hbox (5.00002pt too wide) in paragraph at lines 80--81
\OMS/lmsy/m/n/10 f
 []


Overfull \hbox (5.00002pt too wide) in paragraph at lines 80--81
\OMS/lmsy/m/n/10 g 
 []

Missing character: There is no 5 in font nullfont!
Missing character: There is no , in font nullfont!
Missing character: There is no 6 in font nullfont!
Missing character: There is no , in font nullfont!
Missing character: There is no 6 in font nullfont!

Overfull \hbox (5.00002pt too wide) in paragraph at lines 81--82
\OMS/lmsy/m/n/10 f
 []


Overfull \hbox (5.00002pt too wide) in paragraph at lines 81--82
\OMS/lmsy/m/n/10 g 
 []

Missing character: There is no 5 in font nullfont!
Missing character: There is no , in font nullfont!
Missing character: There is no 6 in font nullfont!

Overfull \hbox (5.00002pt too wide) in paragraph at lines 82--83
\OMS/lmsy/m/n/10 f
 []


Overfull \hbox (5.00002pt too wide) in paragraph at lines 82--83
\OMS/lmsy/m/n/10 g
 []


Overfull \hbox (14.69pt too wide) in paragraph at lines 82--83
\TU/lmr/bx/n/10 {6,
 []


Overfull \hbox (11.5pt too wide) in paragraph at lines 82--83
\TU/lmr/bx/n/10 6} 
 []

! Undefined control sequence.
<argument> \frametitle 
                       
l.90 ^^I\frametitle
                   {–ò–µ—Ä–∞—Ä—Ö–∏—á–µ—Å–∫–∏–π –¥–µ–ª—å—Ç–∞ –¥–µ–±–∞–≥–≥–∏–Ω–≥}
The control sequence at the end of the top line
of your error message was never \def'ed. If you have
misspelled it (e.g., `\hobx'), type `I' and the correct
spelling (e.g., `I\hbox'). Otherwise just continue,
and I'll forget about whatever was undefined.

Missing character: There is no –ò in font nullfont!
Missing character: There is no –µ in font nullfont!
Missing character: There is no —Ä in font nullfont!
Missing character: There is no –∞ in font nullfont!
Missing character: There is no —Ä in font nullfont!
Missing character: There is no —Ö in font nullfont!
Missing character: There is no –∏ in font nullfont!
Missing character: There is no —á in font nullfont!
Missing character: There is no –µ in font nullfont!
Missing character: There is no —Å in font nullfont!
Missing character: There is no –∫ in font nullfont!
Missing character: There is no –∏ in font nullfont!
Missing character: There is no –π in font nullfont!
Missing character: There is no –¥ in font nullfont!
Missing character: There is no –µ in font nullfont!
Missing character: There is no –ª in font nullfont!
Missing character: There is no —å in font nullfont!
Missing character: There is no —Ç in font nullfont!
Missing character: There is no –∞ in font nullfont!
Missing character: There is no –¥ in font nullfont!
Missing character: There is no –µ in font nullfont!
Missing character: There is no –± in font nullfont!
Missing character: There is no –∞ in font nullfont!
Missing character: There is no –≥ in font nullfont!
Missing character: There is no –≥ in font nullfont!
Missing character: There is no –∏ in font nullfont!
Missing character: There is no –Ω in font nullfont!
Missing character: There is no –≥ in font nullfont!

! LaTeX Error: Environment figure undefined.

See the LaTeX manual or LaTeX Companion for explanation.
Type  H <return>  for immediate help.
 ...                                              
                                                  
l.91 ^^I\begin{figure}
                      
Your command was ignored.
Type  I <command> <return>  to replace it with another command,
or  <return>  to continue without it.

! Undefined control sequence.
l.92 ^^I^^I\includegraphics
                           [width=100mm]{image/hdd}
The control sequence at the end of the top line
of your error message was never \def'ed. If you have
misspelled it (e.g., `\hobx'), type `I' and the correct
spelling (e.g., `I\hbox'). Otherwise just continue,
and I'll forget about whatever was undefined.

Missing character: There is no [ in font nullfont!
Missing character: There is no w in font nullfont!
Missing character: There is no i in font nullfont!
Missing character: There is no d in font nullfont!
Missing character: There is no t in font nullfont!
Missing character: There is no h in font nullfont!
Missing character: There is no = in font nullfont!
Missing character: There is no 1 in font nullfont!
Missing character: There is no 0 in font nullfont!
Missing character: There is no 0 in font nullfont!
Missing character: There is no m in font nullfont!
Missing character: There is no m in font nullfont!
Missing character: There is no ] in font nullfont!
Missing character: There is no i in font nullfont!
Missing character: There is no m in font nullfont!
Missing character: There is no a in font nullfont!
Missing character: There is no g in font nullfont!
Missing character: There is no e in font nullfont!
Missing character: There is no / in font nullfont!
Missing character: There is no h in font nullfont!
Missing character: There is no d in font nullfont!
Missing character: There is no d in font nullfont!

! LaTeX Error: \begin{frame} on input line 89 ended by \end{figure}.

See the LaTeX manual or LaTeX Companion for explanation.
Type  H <return>  for immediate help.
 ...                                              
                                                  
l.93 ^^I\end{figure}
                    
Your command was ignored.
Type  I <command> <return>  to replace it with another command,
or  <return>  to continue without it.


Overfull \hbox (20.0pt too wide) in paragraph at lines 90--95
[][]
 []

! Undefined control sequence.
<argument> \frametitle 
                       
l.100 ^^I\frametitle
                    {–ò–µ—Ä–∞—Ä—Ö–∏—á–µ—Å–∫–∏–π –¥–µ–ª—å—Ç–∞ –¥–µ–±–∞–≥–≥–∏–...
The control sequence at the end of the top line
of your error message was never \def'ed. If you have
misspelled it (e.g., `\hobx'), type `I' and the correct
spelling (e.g., `I\hbox'). Otherwise just continue,
and I'll forget about whatever was undefined.

Missing character: There is no –ò in font nullfont!
Missing character: There is no –µ in font nullfont!
Missing character: There is no —Ä in font nullfont!
Missing character: There is no –∞ in font nullfont!
Missing character: There is no —Ä in font nullfont!
Missing character: There is no —Ö in font nullfont!
Missing character: There is no –∏ in font nullfont!
Missing character: There is no —á in font nullfont!
Missing character: There is no –µ in font nullfont!
Missing character: There is no —Å in font nullfont!
Missing character: There is no –∫ in font nullfont!
Missing character: There is no –∏ in font nullfont!
Missing character: There is no –π in font nullfont!
Missing character: There is no –¥ in font nullfont!
Missing character: There is no –µ in font nullfont!
Missing character: There is no –ª in font nullfont!
Missing character: There is no —å in font nullfont!
Missing character: There is no —Ç in font nullfont!
Missing character: There is no –∞ in font nullfont!
Missing character: There is no –¥ in font nullfont!
Missing character: There is no –µ in font nullfont!
Missing character: There is no –± in font nullfont!
Missing character: There is no –∞ in font nullfont!
Missing character: There is no –≥ in font nullfont!
Missing character: There is no –≥ in font nullfont!
Missing character: There is no –∏ in font nullfont!
Missing character: There is no –Ω in font nullfont!
Missing character: There is no –≥ in font nullfont!

Overfull \hbox (20.0pt too wide) in paragraph at lines 100--101
[][]
 []

Missing character: There is no H in font nullfont!
Missing character: There is no o in font nullfont!
Missing character: There is no d in font nullfont!
Missing character: There is no o in font nullfont!
Missing character: There is no v in font nullfont!
Missing character: There is no √° in font nullfont!
Missing character: There is no n in font nullfont!
Missing character: There is no R in font nullfont!
Missing character: There is no . in font nullfont!
Missing character: There is no , in font nullfont!
Missing character: There is no K in font nullfont!
Missing character: There is no i in font nullfont!
Missing character: There is no s in font nullfont!
Missing character: There is no s in font nullfont!
Missing character: There is no √Å in font nullfont!
Missing character: There is no . in font nullfont!
Missing character: There is no M in font nullfont!
Missing character: There is no o in font nullfont!
Missing character: There is no d in font nullfont!
Missing character: There is no e in font nullfont!
Missing character: There is no r in font nullfont!
Missing character: There is no n in font nullfont!
Missing character: There is no i in font nullfont!
Missing character: There is no z in font nullfont!
Missing character: There is no i in font nullfont!
Missing character: There is no n in font nullfont!
Missing character: There is no g in font nullfont!
Missing character: There is no h in font nullfont!
Missing character: There is no i in font nullfont!
Missing character: There is no e in font nullfont!
Missing character: There is no r in font nullfont!
Missing character: There is no a in font nullfont!
Missing character: There is no r in font nullfont!
Missing character: There is no c in font nullfont!
Missing character: There is no h in font nullfont!
Missing character: There is no i in font nullfont!
Missing character: There is no c in font nullfont!
Missing character: There is no a in font nullfont!
Missing character: There is no l in font nullfont!
Missing character: There is no d in font nullfont!
Missing character: There is no e in font nullfont!
Missing character: There is no l in font nullfont!
Missing character: There is no t in font nullfont!
Missing character: There is no a in font nullfont!
Missing character: There is no d in font nullfont!
Missing character: There is no e in font nullfont!
Missing character: There is no b in font nullfont!
Missing character: There is no u in font nullfont!
Missing character: There is no g in font nullfont!
Missing character: There is no g in font nullfont!
Missing character: There is no i in font nullfont!
Missing character: There is no n in font nullfont!
Missing character: There is no g in font nullfont!
Missing character: There is no / in font nullfont!
Missing character: There is no / in font nullfont!
Missing character: There is no A in font nullfont!
Missing character: There is no - in font nullfont!
Missing character: There is no T in font nullfont!
Missing character: There is no E in font nullfont!
Missing character: There is no S in font nullfont!
Missing character: There is no T in font nullfont!
Missing character: There is no @ in font nullfont!
Missing character: There is no S in font nullfont!
Missing character: There is no I in font nullfont!
Missing character: There is no G in font nullfont!
Missing character: There is no S in font nullfont!
Missing character: There is no O in font nullfont!
Missing character: There is no F in font nullfont!
Missing character: There is no T in font nullfont!
Missing character: There is no F in font nullfont!
Missing character: There is no S in font nullfont!
Missing character: There is no E in font nullfont!
Missing character: There is no . in font nullfont!
Missing character: There is no ‚Äì in font nullfont!
Missing character: There is no 2 in font nullfont!
Missing character: There is no 0 in font nullfont!
Missing character: There is no 1 in font nullfont!
Missing character: There is no 6 in font nullfont!
Missing character: There is no . in font nullfont!
Missing character: There is no ‚Äì in font nullfont!
Missing character: There is no –° in font nullfont!
Missing character: There is no . in font nullfont!
Missing character: There is no 3 in font nullfont!
Missing character: There is no 1 in font nullfont!
Missing character: There is no - in font nullfont!
Missing character: There is no 3 in font nullfont!
Missing character: There is no 7 in font nullfont!
Missing character: There is no . in font nullfont!
Missing character: There is no P in font nullfont!
Missing character: There is no i in font nullfont!
Missing character: There is no c in font nullfont!
Missing character: There is no i in font nullfont!
Missing character: There is no r in font nullfont!
Missing character: There is no e in font nullfont!
Missing character: There is no n in font nullfont!
Missing character: There is no y in font nullfont!
Missing character: There is no [ in font nullfont!
Missing character: There is no ] in font nullfont!

! LaTeX Error: Something's wrong--perhaps a missing \item.

See the LaTeX manual or LaTeX Companion for explanation.
Type  H <return>  for immediate help.
 ...                                              
                                                  
l.105 ^^I^^I^^I\item A
                      NTLR v4 grammar
Try typing  <return>  to proceed.
If that doesn't work, type  X <return>  to quit.


! LaTeX Error: Something's wrong--perhaps a missing \item.

See the LaTeX manual or LaTeX Companion for explanation.
Type  H <return>  for immediate help.
 ...                                              
                                                  
l.105 ^^I^^I^^I\item A
                      NTLR v4 grammar
Try typing  <return>  to proceed.
If that doesn't work, type  X <return>  to quit.


! LaTeX Error: Something's wrong--perhaps a missing \item.

See the LaTeX manual or LaTeX Companion for explanation.
Type  H <return>  for immediate help.
 ...                                              
                                                  
l.105 ^^I^^I^^I\item A
                      NTLR v4 grammar
Try typing  <return>  to proceed.
If that doesn't work, type  X <return>  to quit.

Missing character: There is no A in font nullfont!
Missing character: There is no N in font nullfont!
Missing character: There is no T in font nullfont!
Missing character: There is no L in font nullfont!
Missing character: There is no R in font nullfont!
Missing character: There is no v in font nullfont!
Missing character: There is no 4 in font nullfont!
Missing character: There is no g in font nullfont!
Missing character: There is no r in font nullfont!
Missing character: There is no a in font nullfont!
Missing character: There is no m in font nullfont!
Missing character: There is no m in font nullfont!
Missing character: There is no a in font nullfont!
Missing character: There is no r in font nullfont!

! LaTeX Error: Something's wrong--perhaps a missing \item.

See the LaTeX manual or LaTeX Companion for explanation.
Type  H <return>  for immediate help.
 ...                                              
                                                  
l.106 ^^I^^I^^I\item r
                      ule
Try typing  <return>  to proceed.
If that doesn't work, type  X <return>  to quit.


! LaTeX Error: Something's wrong--perhaps a missing \item.

See the LaTeX manual or LaTeX Companion for explanation.
Type  H <return>  for immediate help.
 ...                                              
                                                  
l.106 ^^I^^I^^I\item r
                      ule
Try typing  <return>  to proceed.
If that doesn't work, type  X <return>  to quit.


! LaTeX Error: Something's wrong--perhaps a missing \item.

See the LaTeX manual or LaTeX Companion for explanation.
Type  H <return>  for immediate help.
 ...                                              
                                                  
l.106 ^^I^^I^^I\item r
                      ule
Try typing  <return>  to proceed.
If that doesn't work, type  X <return>  to quit.

Missing character: There is no r in font nullfont!
Missing character: There is no u in font nullfont!
Missing character: There is no l in font nullfont!
Missing character: There is no e in font nullfont!

! LaTeX Error: Something's wrong--perhaps a missing \item.

See the LaTeX manual or LaTeX Companion for explanation.
Type  H <return>  for immediate help.
 ...                                              
                                                  
l.107 ^^I^^I^^I\item r
                      eplacement
Try typing  <return>  to proceed.
If that doesn't work, type  X <return>  to quit.


! LaTeX Error: Something's wrong--perhaps a missing \item.

See the LaTeX manual or LaTeX Companion for explanation.
Type  H <return>  for immediate help.
 ...                                              
                                                  
l.107 ^^I^^I^^I\item r
                      eplacement
Try typing  <return>  to proceed.
If that doesn't work, type  X <return>  to quit.


! LaTeX Error: Something's wrong--perhaps a missing \item.

See the LaTeX manual or LaTeX Companion for explanation.
Type  H <return>  for immediate help.
 ...                                              
                                                  
l.107 ^^I^^I^^I\item r
                      eplacement
Try typing  <return>  to proceed.
If that doesn't work, type  X <return>  to quit.

Missing character: There is no r in font nullfont!
Missing character: There is no e in font nullfont!
Missing character: There is no p in font nullfont!
Missing character: There is no l in font nullfont!
Missing character: There is no a in font nullfont!
Missing character: There is no c in font nullfont!
Missing character: There is no e in font nullfont!
Missing character: There is no m in font nullfont!
Missing character: There is no e in font nullfont!
Missing character: There is no n in font nullfont!
Missing character: There is no t in font nullfont!

! LaTeX Error: Something's wrong--perhaps a missing \item.

See the LaTeX manual or LaTeX Companion for explanation.
Type  H <return>  for immediate help.
 ...                                              
                                                  
l.108 ^^I^^I\end{itemize}
                         
Try typing  <return>  to proceed.
If that doesn't work, type  X <return>  to quit.

! Undefined control sequence.
<argument> \frametitle 
                       
l.116 ^^I\frametitle
                    {Creduce}
The control sequence at the end of the top line
of your error message was never \def'ed. If you have
misspelled it (e.g., `\hobx'), type `I' and the correct
spelling (e.g., `I\hbox'). Otherwise just continue,
and I'll forget about whatever was undefined.

Missing character: There is no C in font nullfont!
Missing character: There is no r in font nullfont!
Missing character: There is no e in font nullfont!
Missing character: There is no d in font nullfont!
Missing character: There is no u in font nullfont!
Missing character: There is no c in font nullfont!
Missing character: There is no e in font nullfont!
Missing character: There is no " in font nullfont!
Missing character: There is no O in font nullfont!
Missing character: There is no u in font nullfont!
Missing character: There is no r in font nullfont!
Missing character: There is no g in font nullfont!
Missing character: There is no o in font nullfont!
Missing character: There is no a in font nullfont!
Missing character: There is no l in font nullfont!
Missing character: There is no : in font nullfont!
Missing character: There is no " in font nullfont!
Missing character: There is no B in font nullfont!
Missing character: There is no e in font nullfont!
Missing character: There is no a in font nullfont!
Missing character: There is no u in font nullfont!
Missing character: There is no t in font nullfont!
Missing character: There is no i in font nullfont!
Missing character: There is no f in font nullfont!
Missing character: There is no u in font nullfont!
Missing character: There is no l in font nullfont!
Missing character: There is no " in font nullfont!
Missing character: There is no t in font nullfont!
Missing character: There is no e in font nullfont!
Missing character: There is no s in font nullfont!
Missing character: There is no t in font nullfont!
Missing character: There is no c in font nullfont!
Missing character: There is no a in font nullfont!
Missing character: There is no s in font nullfont!
Missing character: There is no e in font nullfont!
Missing character: There is no s in font nullfont!
Missing character: There is no f in font nullfont!
Missing character: There is no o in font nullfont!
Missing character: There is no r in font nullfont!
Missing character: There is no c in font nullfont!
Missing character: There is no o in font nullfont!
Missing character: There is no m in font nullfont!
Missing character: There is no p in font nullfont!
Missing character: There is no i in font nullfont!
Missing character: There is no l in font nullfont!
Missing character: There is no e in font nullfont!
Missing character: There is no r in font nullfont!
Missing character: There is no b in font nullfont!
Missing character: There is no u in font nullfont!
Missing character: There is no g in font nullfont!
Missing character: There is no s in font nullfont!
Missing character: There is no " in font nullfont!

Overfull \hbox (20.0pt too wide) in paragraph at lines 116--118
[][]
 []

Missing character: There is no 5 in font nullfont!
Missing character: There is no 7 in font nullfont!
Missing character: There is no –∫ in font nullfont!
Missing character: There is no –æ in font nullfont!
Missing character: There is no –º in font nullfont!
Missing character: There is no –ø in font nullfont!
Missing character: There is no –∏ in font nullfont!
Missing character: There is no –ª in font nullfont!
Missing character: There is no —è in font nullfont!
Missing character: There is no —Ç in font nullfont!
Missing character: There is no –æ in font nullfont!
Missing character: There is no —Ä in font nullfont!
Missing character: There is no –Ω in font nullfont!
Missing character: There is no —ã in font nullfont!
Missing character: There is no —Ö in font nullfont!
Missing character: There is no –± in font nullfont!
Missing character: There is no –∞ in font nullfont!
Missing character: There is no –≥ in font nullfont!
Missing character: There is no –æ in font nullfont!
Missing character: There is no –≤ in font nullfont!
Missing character: There is no D in font nullfont!
Missing character: There is no e in font nullfont!
Missing character: There is no l in font nullfont!
Missing character: There is no t in font nullfont!
Missing character: There is no a in font nullfont!
Missing character: There is no : in font nullfont!
Missing character: There is no 8 in font nullfont!
Missing character: There is no 6 in font nullfont!
Missing character: There is no 0 in font nullfont!
Missing character: There is no 0 in font nullfont!
Missing character: There is no –± in font nullfont!
Missing character: There is no –∞ in font nullfont!
Missing character: There is no –π in font nullfont!
Missing character: There is no —Ç in font nullfont!
Missing character: There is no C in font nullfont!
Missing character: There is no - in font nullfont!
Missing character: There is no r in font nullfont!
Missing character: There is no e in font nullfont!
Missing character: There is no d in font nullfont!
Missing character: There is no u in font nullfont!
Missing character: There is no c in font nullfont!
Missing character: There is no e in font nullfont!
Missing character: There is no : in font nullfont!
Missing character: There is no 1 in font nullfont!
Missing character: There is no 2 in font nullfont!
Missing character: There is no 0 in font nullfont!
Missing character: There is no –± in font nullfont!
Missing character: There is no –∞ in font nullfont!
Missing character: There is no –π in font nullfont!
Missing character: There is no —Ç in font nullfont!
Missing character: There is no 4 in font nullfont!
Missing character: There is no 1 in font nullfont!
Missing character: There is no –± in font nullfont!
Missing character: There is no –∞ in font nullfont!
Missing character: There is no –≥ in font nullfont!
Missing character: There is no –≤ in font nullfont!
Missing character: There is no –∫ in font nullfont!
Missing character: There is no –æ in font nullfont!
Missing character: There is no –¥ in font nullfont!
Missing character: There is no –µ in font nullfont!
Missing character: There is no D in font nullfont!
Missing character: There is no e in font nullfont!
Missing character: There is no l in font nullfont!
Missing character: There is no t in font nullfont!
Missing character: There is no a in font nullfont!
Missing character: There is no : in font nullfont!
Missing character: There is no 6 in font nullfont!
Missing character: There is no 5 in font nullfont!
Missing character: There is no 0 in font nullfont!
Missing character: There is no 0 in font nullfont!
Missing character: There is no –± in font nullfont!
Missing character: There is no –∞ in font nullfont!
Missing character: There is no –π in font nullfont!
Missing character: There is no —Ç in font nullfont!
Missing character: There is no C in font nullfont!
Missing character: There is no - in font nullfont!
Missing character: There is no r in font nullfont!
Missing character: There is no e in font nullfont!
Missing character: There is no d in font nullfont!
Missing character: There is no u in font nullfont!
Missing character: There is no c in font nullfont!
Missing character: There is no e in font nullfont!
Missing character: There is no : in font nullfont!
Missing character: There is no 2 in font nullfont!
Missing character: There is no 0 in font nullfont!
Missing character: There is no 0 in font nullfont!
Missing character: There is no –± in font nullfont!
Missing character: There is no –∞ in font nullfont!
Missing character: There is no –π in font nullfont!
Missing character: There is no —Ç in font nullfont!

! LaTeX Error: Environment figure undefined.

See the LaTeX manual or LaTeX Companion for explanation.
Type  H <return>  for immediate help.
 ...                                              
                                                  
l.130 ^^I\begin{figure}
                       
Your command was ignored.
Type  I <command> <return>  to replace it with another command,
or  <return>  to continue without it.

! Undefined control sequence.
l.131 ^^I^^I\includegraphics
                            [width=60mm]{image/creduce}
The control sequence at the end of the top line
of your error message was never \def'ed. If you have
misspelled it (e.g., `\hobx'), type `I' and the correct
spelling (e.g., `I\hbox'). Otherwise just continue,
and I'll forget about whatever was undefined.

Missing character: There is no [ in font nullfont!
Missing character: There is no w in font nullfont!
Missing character: There is no i in font nullfont!
Missing character: There is no d in font nullfont!
Missing character: There is no t in font nullfont!
Missing character: There is no h in font nullfont!
Missing character: There is no = in font nullfont!
Missing character: There is no 6 in font nullfont!
Missing character: There is no 0 in font nullfont!
Missing character: There is no m in font nullfont!
Missing character: There is no m in font nullfont!
Missing character: There is no ] in font nullfont!
Missing character: There is no i in font nullfont!
Missing character: There is no m in font nullfont!
Missing character: There is no a in font nullfont!
Missing character: There is no g in font nullfont!
Missing character: There is no e in font nullfont!
Missing character: There is no / in font nullfont!
Missing character: There is no c in font nullfont!
Missing character: There is no r in font nullfont!
Missing character: There is no e in font nullfont!
Missing character: There is no d in font nullfont!
Missing character: There is no u in font nullfont!
Missing character: There is no c in font nullfont!
Missing character: There is no e in font nullfont!

! LaTeX Error: \begin{frame} on input line 115 ended by \end{figure}.

See the LaTeX manual or LaTeX Companion for explanation.
Type  H <return>  for immediate help.
 ...                                              
                                                  
l.132 ^^I\end{figure}
                     
Your command was ignored.
Type  I <command> <return>  to replace it with another command,
or  <return>  to continue without it.

)
! Emergency stop.
<*> pres.tex
            
*** (job aborted, no legal \end found)

 
Here is how much of TeX's memory you used:
 48 strings out of 493010
 803 string characters out of 6140134
 65747 words of memory out of 5000000
 4106 multiletter control sequences out of 15000+600000
 3951 words of font info for 16 fonts, out of 8000000 for 9000
 1348 hyphenation exceptions out of 8191
 18i,3n,12p,135b,156s stack positions out of 5000i,500n,10000p,200000b,80000s
No pages of output.
