This is pdfTeX, Version 3.14159265-2.6-1.40.21 (TeX Live 2020/Arch Linux) (preloaded format=pdflatex 2021.3.9)  31 MAR 2021 11:33
entering extended mode
 restricted \write18 enabled.
 %&-line parsing enabled.
**title.tex
(./title.tex
LaTeX2e <2020-10-01> patch level 2
L3 programming layer <2020-12-03> xparse <2020-03-03>

! LaTeX Error: Missing \begin{document}.

See the LaTeX manual or LaTeX Companion for explanation.
Type  H <return>  for immediate help.
 ...                                              
                                                  
l.21 \titlepage
               
You're in trouble here.  Try typing  <return>  to proceed.
If that doesn't work, type  X <return>  to quit.

! Undefined control sequence.
<argument> \titlepage 
                      
l.21 \titlepage
               
The control sequence at the end of the top line
of your error message was never \def'ed. If you have
misspelled it (e.g., `\hobx'), type `I' and the correct
spelling (e.g., `I\hbox'). Otherwise just continue,
and I'll forget about whatever was undefined.


Overfull \hbox (20.0pt too wide) in paragraph at lines 21--23
[][] 
 []

)
! Emergency stop.
<*> title.tex
             
*** (job aborted, no legal \end found)

 
Here is how much of TeX's memory you used:
 19 strings out of 479383
 418 string characters out of 5875831
 267160 words of memory out of 5000000
 17233 multiletter control sequences out of 15000+600000
 403430 words of font info for 27 fonts, out of 8000000 for 9000
 1141 hyphenation exceptions out of 8191
 13i,3n,15p,83b,25s stack positions out of 5000i,500n,10000p,200000b,80000s
!  ==> Fatal error occurred, no output PDF file produced!
